TOOL DEBUG: Vol Resp keys=dict_keys(['content'])
TOOL DEBUG: Vol Resp Content Len=1
TOOL DEBUG: Vol Resp keys=dict_keys(['content'])
TOOL DEBUG: Vol Resp Content Len=1
TOOL DEBUG: First Block Type=<class 'dict'>
TOOL DEBUG: First Block Keys=dict_keys(['payload'])
TOOL DEBUG: Payload Keys=dict_keys(['rows'])
TOOL DEBUG: Vol Row Count=6
TOOL DEBUG: Vol Resp keys=dict_keys(['content'])
TOOL DEBUG: Vol Resp Content Len=1
TOOL DEBUG: First Block Type=<class 'dict'>
TOOL DEBUG: First Block Keys=dict_keys(['payload'])
TOOL DEBUG: Payload Keys=dict_keys(['rows'])
TOOL DEBUG: Vol Row Count=6
TOOL DEBUG: Vol Resp keys=dict_keys(['content'])
TOOL DEBUG: Vol Resp Content Len=1
TOOL DEBUG: First Block Type=<class 'dict'>
TOOL DEBUG: First Block Keys=dict_keys(['payload'])
TOOL DEBUG: Payload Keys=dict_keys(['rows'])
TOOL DEBUG: Vol Row Count=6
TOOL DEBUG: Vol Resp keys=dict_keys(['content'])
TOOL DEBUG: Vol Resp Content Len=1
TOOL DEBUG: First Block Type=<class 'dict'>
TOOL DEBUG: First Block Keys=dict_keys(['payload'])
TOOL DEBUG: Payload Keys=dict_keys(['rows'])
TOOL DEBUG: Vol Row Count=6
